/app/gpu_monitor.py:4: FutureWarning: The pynvml package is deprecated. Please install nvidia-ml-py instead. If you did not install pynvml directly, please report this to the maintainers of the package that installed pynvml for you.
  import pynvml
Initializing GStreamer Backend...!
Plugin sample_signal_handler initialized
Plugin sample_video_receiver initialized
Plugin kitti_dump_probe initialized
Plugin measure_fps_probe initialized
Plugin sample_video_feeder initialized
Plugin add_message_meta_probe initialized
Plugin smart_recording_signal initialized
Plugin ensemble_render initialized
Plugin lidar_feeder initialized
Plugin resnet_tensor_parser initialized
Plugin sample_video_probe initialized
Plugin smart_recording_action initialized
Plugin measure_latency_probe initialized

(gst-plugin-scanner:8): GStreamer-WARNING **: 08:36:27.680: Failed to load plugin '/usr/lib/x86_64-linux-gnu/gstreamer-1.0/libgstfluidsynthmidi.so': libFLAC.so.12: cannot open shared object file: No such file or directory

(gst-plugin-scanner:8): GStreamer-WARNING **: 08:36:27.683: Failed to load plugin '/usr/lib/x86_64-linux-gnu/gstreamer-1.0/libgstdvdread.so': libdvdread.so.8: cannot open shared object file: No such file or directory

(gst-plugin-scanner:8): GStreamer-WARNING **: 08:36:27.684: Failed to load plugin '/usr/lib/x86_64-linux-gnu/gstreamer-1.0/libgstspandsp.so': libjbig.so.0: cannot open shared object file: No such file or directory

(gst-plugin-scanner:8): GStreamer-WARNING **: 08:36:27.686: Failed to load plugin '/usr/lib/x86_64-linux-gnu/gstreamer-1.0/libgstresindvd.so': libdvdnav.so.4: cannot open shared object file: No such file or directory

(gst-plugin-scanner:8): GStreamer-WARNING **: 08:36:27.836: Failed to load plugin '/usr/lib/x86_64-linux-gnu/gstreamer-1.0/deepstream/libnvdsgst_udp.so': librivermax.so.1: cannot open shared object file: No such file or directory

(gst-plugin-scanner:8): GStreamer-WARNING **: 08:36:27.865: Failed to load plugin '/usr/lib/x86_64-linux-gnu/gstreamer-1.0/libgstdtsdec.so': libdca.so.0: cannot open shared object file: No such file or directory

(gst-plugin-scanner:8): GStreamer-WARNING **: 08:36:27.908: Failed to load plugin '/usr/lib/x86_64-linux-gnu/gstreamer-1.0/libgstopenmpt.so': libmpg123.so.0: cannot open shared object file: No such file or directory

(gst-plugin-scanner:8): GStreamer-WARNING **: 08:36:27.935: Failed to load plugin '/usr/lib/x86_64-linux-gnu/gstreamer-1.0/libgstsndfile.so': libFLAC.so.12: cannot open shared object file: No such file or directory

(gst-plugin-scanner:8): GStreamer-WARNING **: 08:36:27.945: Failed to load plugin '/usr/lib/x86_64-linux-gnu/gstreamer-1.0/libgstpulseaudio.so': libFLAC.so.12: cannot open shared object file: No such file or directory

(gst-plugin-scanner:8): GStreamer-WARNING **: 08:36:27.946: Failed to load plugin '/usr/lib/x86_64-linux-gnu/gstreamer-1.0/libgstmplex.so': libmjpegutils-2.1.so.0: cannot open shared object file: No such file or directory

(gst-plugin-scanner:8): GStreamer-WARNING **: 08:36:27.956: Failed to load plugin '/usr/lib/x86_64-linux-gnu/gstreamer-1.0/libgstmpg123.so': libmpg123.so.0: cannot open shared object file: No such file or directory

(gst-plugin-scanner:8): GStreamer-WARNING **: 08:36:27.967: Failed to load plugin '/usr/lib/x86_64-linux-gnu/gstreamer-1.0/libgstlame.so': libmp3lame.so.0: cannot open shared object file: No such file or directory
Add Element ... src
Add Element ... pgie
Add Element ... tracker
Add Element ... tee
LINKING: Source: src Target: pgie
LINKING: Source: pgie Target: tracker
LINKING: Source: tracker Target: tee
Add Element ... queue_meta
Add Element ... msgbroker
LINKING: Source: tee Target: queue_meta
LINKING: Source: queue_meta Target: msgbroker
Add Element ... queue_snap
Add Element ... snap_valve
Add Element ... snap_convert
Add Element ... snap_jpegenc
Add Element ... snap_sink
LINKING: Source: tee Target: queue_snap
LINKING: Source: queue_snap Target: snap_valve
LINKING: Source: snap_valve Target: snap_convert
LINKING: Source: snap_convert Target: snap_jpegenc
LINKING: Source: snap_jpegenc Target: snap_sink
Add Element ... queue_preview
Add Element ... tiler
Add Element ... osd
Add Element ... preview_convert
Add Element ... encoder
Add Element ... rtppay
Add Element ... preview_udpsink
LINKING: Source: tee Target: queue_preview
LINKING: Source: queue_preview Target: tiler
LINKING: Source: tiler Target: osd
LINKING: Source: osd Target: preview_convert
LINKING: Source: preview_convert Target: encoder
LINKING: Source: encoder Target: rtppay
LINKING: Source: rtppay Target: preview_udpsink

(python3:7): GLib-GObject-CRITICAL **: 08:36:28.245: ../../../gobject/gtype.c:4393: type id '0' is invalid

(python3:7): GLib-GObject-CRITICAL **: 08:36:28.245: can't peek value table for type '<invalid>' which is not currently referenced

(python3:7): GLib-GObject-CRITICAL **: 08:36:28.245: ../../../gobject/gvalue.c:104: cannot initialize GValue with type '(null)', this type has no GTypeValueTable implementation

(python3:7): GLib-GObject-CRITICAL **: 08:36:28.245: g_value_type_compatible: assertion 'src_type' failed

(python3:7): GLib-GObject-CRITICAL **: 08:36:28.245: g_value_copy: assertion 'g_value_type_compatible (G_VALUE_TYPE (src_value), G_VALUE_TYPE (dest_value))' failed
2026-04-06 08:36:28,246 [WARNING] preview_server: python3-gi is not available, skip RTSP preview server startup (REST/Kafka pipeline remains available).
2026-04-06 08:36:28,250 [INFO] command_consumer: CommandConsumer subscribed to deepstream-commands
2026-04-06 08:36:28,251 [INFO] disk_guard: DiskGuard started: rolling=/app/recordings/rolling locked=/app/recordings/locked max_usage=85%
2026-04-06 08:36:28,252 [INFO] deepstream: Preparing pipeline …
Type from Object::Value is not supported
Opening in BLOCKING MODE 
Civetweb version: v1.16
2026-04-06 08:36:28,484 [INFO] deepstream: Pipeline prepare completed
2026-04-06 08:36:28,484 [INFO] deepstream: Activating pipeline …
2026-04-06 08:36:28,484 [INFO] deepstream: Pipeline activate completed
2026-04-06 08:36:28,484 [INFO] deepstream: Pipeline running. REST API at http://0.0.0.0:9000  RTSP at rtsp://0.0.0.0:8554/preview
Server running at port: 9000
Event Thread Enabled...
Main Loop Running...
2026-04-06 08:36:28,489 [INFO] gpu_monitor: GpuMemoryMonitor started: GPU 0 (NVIDIA GeForce GTX 1650)
2026-04-06 08:36:28,490 [INFO] gpu_monitor: GPU 0 memory: 723 / 4096 MB (17.7%)

End of file reached on stdin.
uri:/api/v1/health/get-dsready-state
method:GET
Active sources : 0

**PERF:  
Mon Apr  6 08:36:33 2026
**PERF:  

Active sources : 0
Mon Apr  6 08:36:38 2026
**PERF:  

uri:/api/v1/stream/get-stream-info
method:GET
uri:/api/v1/stream/add
method:POST
new stream added [0:cam_test_64599455:API Test Camera]



2026-04-06 08:36:39,460 [INFO] deepstream: Stream added: sensor_id=cam_test_64599455 source_id=0 uri=file:///app/example_data/video1_bf0.mp4
2026-04-06 08:36:39,460 [WARNING] recording_manager: SmartRecord start is not supported by current pyservicemaker node (source_id=0)
2026-04-06 08:36:39,460 [INFO] recording_manager: Rolling recording started for source_id=0
uri:/api/v1/stream/get-stream-info
method:GET
Opening in BLOCKING MODE 
Active sources : 1
Mon Apr  6 08:36:43 2026
**PERF:  
cam_test_64599455[API Test Camera] 20.00 (29.16)	
Active sources : 1
Mon Apr  6 08:36:48 2026
**PERF:  
cam_test_64599455[API Test Camera] 29.40 (29.31)	
nvstreammux: Successfully handled EOS for source_id=0
WARNING from src_bin_muxer: No Sources found at the input of muxer. Waiting for sources.
Debug info: gstnvstreammux.cpp(4140): gst_nvstreammux_src_push_loop (): /GstPipeline:deepstream-pipeline/GstDsNvMultiUriBin:src/GstBin:src_creator/GstNvStreamMux:src_bin_muxer
new stream removed [0:cam_test_64599455]



2026-04-06 08:36:50,036 [WARNING] recording_manager: SmartRecord stop is not supported by current pyservicemaker node (source_id=0)
2026-04-06 08:36:50,036 [INFO] recording_manager: Rolling recording stopped for source_id=0
2026-04-06 08:36:50,036 [INFO] deepstream: Stream removed: source_id=0
WARNING from src_bin_muxer: No Sources found at the input of muxer. Waiting for sources.
Debug info: gstnvstreammux.cpp(4140): gst_nvstreammux_src_push_loop (): /GstPipeline:deepstream-pipeline/GstDsNvMultiUriBin:src/GstBin:src_creator/GstNvStreamMux:src_bin_muxer
WARNING from src_bin_muxer: No Sources found at the input of muxer. Waiting for sources.
Debug info: gstnvstreammux.cpp(4140): gst_nvstreammux_src_push_loop (): /GstPipeline:deepstream-pipeline/GstDsNvMultiUriBin:src/GstBin:src_creator/GstNvStreamMux:src_bin_muxer
WARNING from src_bin_muxer: No Sources found at the input of muxer. Waiting for sources.
Debug info: gstnvstreammux.cpp(4140): gst_nvstreammux_src_push_loop (): /GstPipeline:deepstream-pipeline/GstDsNvMultiUriBin:src/GstBin:src_creator/GstNvStreamMux:src_bin_muxer
Active sources : 0
Mon Apr  6 08:36:53 2026
**PERF:  

WARNING from src_bin_muxer: No Sources found at the input of muxer. Waiting for sources.
Debug info: gstnvstreammux.cpp(4140): gst_nvstreammux_src_push_loop (): /GstPipeline:deepstream-pipeline/GstDsNvMultiUriBin:src/GstBin:src_creator/GstNvStreamMux:src_bin_muxer
WARNING from src_bin_muxer: No Sources found at the input of muxer. Waiting for sources.
Debug info: gstnvstreammux.cpp(4140): gst_nvstreammux_src_push_loop (): /GstPipeline:deepstream-pipeline/GstDsNvMultiUriBin:src/GstBin:src_creator/GstNvStreamMux:src_bin_muxer
WARNING from src_bin_muxer: No Sources found at the input of muxer. Waiting for sources.
Debug info: gstnvstreammux.cpp(4140): gst_nvstreammux_src_push_loop (): /GstPipeline:deepstream-pipeline/GstDsNvMultiUriBin:src/GstBin:src_creator/GstNvStreamMux:src_bin_muxer
WARNING from src_bin_muxer: No Sources found at the input of muxer. Waiting for sources.
Debug info: gstnvstreammux.cpp(4140): gst_nvstreammux_src_push_loop (): /GstPipeline:deepstream-pipeline/GstDsNvMultiUriBin:src/GstBin:src_creator/GstNvStreamMux:src_bin_muxer
WARNING from src_bin_muxer: No Sources found at the input of muxer. Waiting for sources.
Debug info: gstnvstreammux.cpp(4140): gst_nvstreammux_src_push_loop (): /GstPipeline:deepstream-pipeline/GstDsNvMultiUriBin:src/GstBin:src_creator/GstNvStreamMux:src_bin_muxer
Active sources : 0
Mon Apr  6 08:36:58 2026
**PERF:  

2026-04-06 08:36:58,488 [INFO] gpu_monitor: GPU 0 memory: 787 / 4096 MB (19.2%)
WARNING from src_bin_muxer: No Sources found at the input of muxer. Waiting for sources.
Debug info: gstnvstreammux.cpp(4140): gst_nvstreammux_src_push_loop (): /GstPipeline:deepstream-pipeline/GstDsNvMultiUriBin:src/GstBin:src_creator/GstNvStreamMux:src_bin_muxer
WARNING from src_bin_muxer: No Sources found at the input of muxer. Waiting for sources.
Debug info: gstnvstreammux.cpp(4140): gst_nvstreammux_src_push_loop (): /GstPipeline:deepstream-pipeline/GstDsNvMultiUriBin:src/GstBin:src_creator/GstNvStreamMux:src_bin_muxer
WARNING from src_bin_muxer: No Sources found at the input of muxer. Waiting for sources.
Debug info: gstnvstreammux.cpp(4140): gst_nvstreammux_src_push_loop (): /GstPipeline:deepstream-pipeline/GstDsNvMultiUriBin:src/GstBin:src_creator/GstNvStreamMux:src_bin_muxer
WARNING from src_bin_muxer: No Sources found at the input of muxer. Waiting for sources.
Debug info: gstnvstreammux.cpp(4140): gst_nvstreammux_src_push_loop (): /GstPipeline:deepstream-pipeline/GstDsNvMultiUriBin:src/GstBin:src_creator/GstNvStreamMux:src_bin_muxer
WARNING from src_bin_muxer: No Sources found at the input of muxer. Waiting for sources.
Debug info: gstnvstreammux.cpp(4140): gst_nvstreammux_src_push_loop (): /GstPipeline:deepstream-pipeline/GstDsNvMultiUriBin:src/GstBin:src_creator/GstNvStreamMux:src_bin_muxer
Active sources : 0
Mon Apr  6 08:37:03 2026
**PERF:  

WARNING from src_bin_muxer: No Sources found at the input of muxer. Waiting for sources.
Debug info: gstnvstreammux.cpp(4140): gst_nvstreammux_src_push_loop (): /GstPipeline:deepstream-pipeline/GstDsNvMultiUriBin:src/GstBin:src_creator/GstNvStreamMux:src_bin_muxer
WARNING from src_bin_muxer: No Sources found at the input of muxer. Waiting for sources.
Debug info: gstnvstreammux.cpp(4140): gst_nvstreammux_src_push_loop (): /GstPipeline:deepstream-pipeline/GstDsNvMultiUriBin:src/GstBin:src_creator/GstNvStreamMux:src_bin_muxer
WARNING from src_bin_muxer: No Sources found at the input of muxer. Waiting for sources.
Debug info: gstnvstreammux.cpp(4140): gst_nvstreammux_src_push_loop (): /GstPipeline:deepstream-pipeline/GstDsNvMultiUriBin:src/GstBin:src_creator/GstNvStreamMux:src_bin_muxer
WARNING from src_bin_muxer: No Sources found at the input of muxer. Waiting for sources.
Debug info: gstnvstreammux.cpp(4140): gst_nvstreammux_src_push_loop (): /GstPipeline:deepstream-pipeline/GstDsNvMultiUriBin:src/GstBin:src_creator/GstNvStreamMux:src_bin_muxer
WARNING from src_bin_muxer: No Sources found at the input of muxer. Waiting for sources.
Debug info: gstnvstreammux.cpp(4140): gst_nvstreammux_src_push_loop (): /GstPipeline:deepstream-pipeline/GstDsNvMultiUriBin:src/GstBin:src_creator/GstNvStreamMux:src_bin_muxer
Active sources : 0
Mon Apr  6 08:37:08 2026
**PERF:  

WARNING from src_bin_muxer: No Sources found at the input of muxer. Waiting for sources.
Debug info: gstnvstreammux.cpp(4140): gst_nvstreammux_src_push_loop (): /GstPipeline:deepstream-pipeline/GstDsNvMultiUriBin:src/GstBin:src_creator/GstNvStreamMux:src_bin_muxer
WARNING from src_bin_muxer: No Sources found at the input of muxer. Waiting for sources.
Debug info: gstnvstreammux.cpp(4140): gst_nvstreammux_src_push_loop (): /GstPipeline:deepstream-pipeline/GstDsNvMultiUriBin:src/GstBin:src_creator/GstNvStreamMux:src_bin_muxer
2026-04-06 08:37:10,512 [ERROR] command_consumer: Failed to process command: b'{"action": "screenshot", "source_id": "cam_test_64599455", "filename": "cam_test_64599455_1775464599.jpg"}'
Traceback (most recent call last):
  File "/app/command_consumer.py", line 75, in _run
    self._dispatch(cmd)
  File "/app/command_consumer.py", line 114, in _dispatch
    source_id = self._resolve_source_id(cmd["source_id"])
                ^^^^^^^^^^^^^^^^^^^^^^^^^^^^^^^^^^^^^^^^^
  File "/app/command_consumer.py", line 151, in _resolve_source_id
    raise ValueError(f"Unknown sensor_id: {sensor_id}")
ValueError: Unknown sensor_id: cam_test_64599455
WARNING from src_bin_muxer: No Sources found at the input of muxer. Waiting for sources.
Debug info: gstnvstreammux.cpp(4140): gst_nvstreammux_src_push_loop (): /GstPipeline:deepstream-pipeline/GstDsNvMultiUriBin:src/GstBin:src_creator/GstNvStreamMux:src_bin_muxer
WARNING from src_bin_muxer: No Sources found at the input of muxer. Waiting for sources.
Debug info: gstnvstreammux.cpp(4140): gst_nvstreammux_src_push_loop (): /GstPipeline:deepstream-pipeline/GstDsNvMultiUriBin:src/GstBin:src_creator/GstNvStreamMux:src_bin_muxer
WARNING from src_bin_muxer: No Sources found at the input of muxer. Waiting for sources.
Debug info: gstnvstreammux.cpp(4140): gst_nvstreammux_src_push_loop (): /GstPipeline:deepstream-pipeline/GstDsNvMultiUriBin:src/GstBin:src_creator/GstNvStreamMux:src_bin_muxer
Active sources : 0
Mon Apr  6 08:37:13 2026
**PERF:  

WARNING from src_bin_muxer: No Sources found at the input of muxer. Waiting for sources.
Debug info: gstnvstreammux.cpp(4140): gst_nvstreammux_src_push_loop (): /GstPipeline:deepstream-pipeline/GstDsNvMultiUriBin:src/GstBin:src_creator/GstNvStreamMux:src_bin_muxer
WARNING from src_bin_muxer: No Sources found at the input of muxer. Waiting for sources.
Debug info: gstnvstreammux.cpp(4140): gst_nvstreammux_src_push_loop (): /GstPipeline:deepstream-pipeline/GstDsNvMultiUriBin:src/GstBin:src_creator/GstNvStreamMux:src_bin_muxer
WARNING from src_bin_muxer: No Sources found at the input of muxer. Waiting for sources.
Debug info: gstnvstreammux.cpp(4140): gst_nvstreammux_src_push_loop (): /GstPipeline:deepstream-pipeline/GstDsNvMultiUriBin:src/GstBin:src_creator/GstNvStreamMux:src_bin_muxer
WARNING from src_bin_muxer: No Sources found at the input of muxer. Waiting for sources.
Debug info: gstnvstreammux.cpp(4140): gst_nvstreammux_src_push_loop (): /GstPipeline:deepstream-pipeline/GstDsNvMultiUriBin:src/GstBin:src_creator/GstNvStreamMux:src_bin_muxer
WARNING from src_bin_muxer: No Sources found at the input of muxer. Waiting for sources.
Debug info: gstnvstreammux.cpp(4140): gst_nvstreammux_src_push_loop (): /GstPipeline:deepstream-pipeline/GstDsNvMultiUriBin:src/GstBin:src_creator/GstNvStreamMux:src_bin_muxer
Active sources : 0
Mon Apr  6 08:37:18 2026
**PERF:  

WARNING from src_bin_muxer: No Sources found at the input of muxer. Waiting for sources.
Debug info: gstnvstreammux.cpp(4140): gst_nvstreammux_src_push_loop (): /GstPipeline:deepstream-pipeline/GstDsNvMultiUriBin:src/GstBin:src_creator/GstNvStreamMux:src_bin_muxer
WARNING from src_bin_muxer: No Sources found at the input of muxer. Waiting for sources.
Debug info: gstnvstreammux.cpp(4140): gst_nvstreammux_src_push_loop (): /GstPipeline:deepstream-pipeline/GstDsNvMultiUriBin:src/GstBin:src_creator/GstNvStreamMux:src_bin_muxer
WARNING from src_bin_muxer: No Sources found at the input of muxer. Waiting for sources.
Debug info: gstnvstreammux.cpp(4140): gst_nvstreammux_src_push_loop (): /GstPipeline:deepstream-pipeline/GstDsNvMultiUriBin:src/GstBin:src_creator/GstNvStreamMux:src_bin_muxer
WARNING from src_bin_muxer: No Sources found at the input of muxer. Waiting for sources.
Debug info: gstnvstreammux.cpp(4140): gst_nvstreammux_src_push_loop (): /GstPipeline:deepstream-pipeline/GstDsNvMultiUriBin:src/GstBin:src_creator/GstNvStreamMux:src_bin_muxer
WARNING from src_bin_muxer: No Sources found at the input of muxer. Waiting for sources.
Debug info: gstnvstreammux.cpp(4140): gst_nvstreammux_src_push_loop (): /GstPipeline:deepstream-pipeline/GstDsNvMultiUriBin:src/GstBin:src_creator/GstNvStreamMux:src_bin_muxer
Active sources : 0
Mon Apr  6 08:37:23 2026
**PERF:  

WARNING from src_bin_muxer: No Sources found at the input of muxer. Waiting for sources.
Debug info: gstnvstreammux.cpp(4140): gst_nvstreammux_src_push_loop (): /GstPipeline:deepstream-pipeline/GstDsNvMultiUriBin:src/GstBin:src_creator/GstNvStreamMux:src_bin_muxer
